<?xml version="1.0" encoding="utf-8"?><testsuites name="pytest tests"><testsuite name="pytest" errors="0" failures="0" skipped="0" tests="23" time="6.289" timestamp="2026-05-12T14:04:42.561481+00:00" hostname="agent-env-0098c3d7-4c38-4b24-ab57-1e66412dcc44"><testcase classname="backend.tests.test_iter4_perms_suppliers_points.TestFuncCreateClientStrips" name="test_create_strips_is_member_member_number_pin" time="0.607" /><testcase classname="backend.tests.test_iter4_perms_suppliers_points.TestFuncCreateClientStrips" name="test_admin_can_set_fields_via_post" time="0.654" /><testcase classname="backend.tests.test_iter4_perms_suppliers_points.TestFuncUpdateClientPerms" name="test_func_can_edit_contact_email_morada" time="0.162" /><testcase classname="backend.tests.test_iter4_perms_suppliers_points.TestFuncUpdateClientPerms" name="test_func_forbidden_is_member" time="0.095" /><testcase classname="backend.tests.test_iter4_perms_suppliers_points.TestFuncUpdateClientPerms" name="test_func_forbidden_member_number" time="0.074" /><testcase classname="backend.tests.test_iter4_perms_suppliers_points.TestFuncUpdateClientPerms" name="test_func_forbidden_pin" time="0.079" /><testcase classname="backend.tests.test_iter4_perms_suppliers_points.TestFuncUpdateClientPerms" name="test_admin_can_update_all" time="0.288" /><testcase classname="backend.tests.test_iter4_perms_suppliers_points.TestAdminClientsFilter" name="test_only_members_returned" time="0.071" /><testcase classname="backend.tests.test_iter4_perms_suppliers_points.TestAdminClientsFilter" name="test_funcionario_forbidden" time="0.099" /><testcase classname="backend.tests.test_iter4_perms_suppliers_points.TestSuppliersCRUD" name="test_func_cannot_create" time="0.081" /><testcase classname="backend.tests.test_iter4_perms_suppliers_points.TestSuppliersCRUD" name="test_tesoureiro_can_create" time="0.410" /><testcase classname="backend.tests.test_iter4_perms_suppliers_points.TestSuppliersCRUD" name="test_list_includes_outstanding_and_orders_count" time="0.067" /><testcase classname="backend.tests.test_iter4_perms_suppliers_points.TestSuppliersCRUD" name="test_update_admin_ok" time="0.063" /><testcase classname="backend.tests.test_iter4_perms_suppliers_points.TestSuppliersCRUD" name="test_update_func_forbidden" time="0.078" /><testcase classname="backend.tests.test_iter4_perms_suppliers_points.TestSuppliersCRUD" name="test_delete_tesoureiro_forbidden" time="0.579" /><testcase classname="backend.tests.test_iter4_perms_suppliers_points.TestSupplierOrders" name="test_create_unpaid_order_increments_stock" time="0.198" /><testcase classname="backend.tests.test_iter4_perms_suppliers_points.TestSupplierOrders" name="test_create_paid_order_increments_stock" time="0.211" /><testcase classname="backend.tests.test_iter4_perms_suppliers_points.TestSupplierOrders" name="test_pay_partial_then_full" time="0.260" /><testcase classname="backend.tests.test_iter4_perms_suppliers_points.TestPayWithPoints" name="test_pay_5_points_creates_payment_and_decrements" time="1.590" /><testcase classname="backend.tests.test_iter4_perms_suppliers_points.TestPayWithPoints" name="test_points_zero_or_negative_400" time="0.153" /><testcase classname="backend.tests.test_iter4_perms_suppliers_points.TestPayWithPoints" name="test_points_not_multiple_of_5" time="0.076" /><testcase classname="backend.tests.test_iter4_perms_suppliers_points.TestPayWithPoints" name="test_points_insufficient" time="0.080" /><testcase classname="backend.tests.test_iter4_perms_suppliers_points.TestPayWithPoints" name="test_euros_exceed_debt" time="0.211" /></testsuite></testsuites>