<?xml version="1.0" encoding="utf-8"?><testsuites name="pytest tests"><testsuite name="pytest" errors="0" failures="0" skipped="0" tests="15" time="7.919" timestamp="2026-05-13T12:48:29.918764+00:00" hostname="agent-env-0098c3d7-4c38-4b24-ab57-1e66412dcc44"><testcase classname="backend.tests.test_iter9_phase_bc.TestPaymentChangeBehavior" name="test_payment_default_caps_at_debt" time="1.146" /><testcase classname="backend.tests.test_iter9_phase_bc.TestPaymentChangeBehavior" name="test_payment_keep_change_as_credit_true" time="0.525" /><testcase classname="backend.tests.test_iter9_phase_bc.TestClubInfo" name="test_club_info_returns_mbway_and_quota" time="0.116" /><testcase classname="backend.tests.test_iter9_phase_bc.TestQuotasStaff" name="test_get_client_quotas_returns_12_entries" time="0.392" /><testcase classname="backend.tests.test_iter9_phase_bc.TestQuotasStaff" name="test_staff_pay_quotas_creates_sale_and_payment" time="0.447" /><testcase classname="backend.tests.test_iter9_phase_bc.TestReportsSales" name="test_reports_sales_with_filters" time="0.520" /><testcase classname="backend.tests.test_iter9_phase_bc.TestAuditLog" name="test_audit_log_admin_access" time="0.056" /><testcase classname="backend.tests.test_iter9_phase_bc.TestAuditLog" name="test_audit_log_tesoureiro_access" time="0.394" /><testcase classname="backend.tests.test_iter9_phase_bc.TestAuditLog" name="test_audit_log_funcionario_forbidden" time="0.373" /><testcase classname="backend.tests.test_iter9_phase_bc.TestAuditLog" name="test_sale_edit_audit_has_changes_field" time="0.996" /><testcase classname="backend.tests.test_iter9_phase_bc.TestPointsHistory" name="test_client_points_history_admin" time="0.637" /><testcase classname="backend.tests.test_iter9_phase_bc.TestSocioFlow" name="test_socio_quotas_returns_12" time="0.723" /><testcase classname="backend.tests.test_iter9_phase_bc.TestSocioFlow" name="test_socio_quotas_pay_creates_pending_mbway" time="0.254" /><testcase classname="backend.tests.test_iter9_phase_bc.TestSocioFlow" name="test_socio_points_history" time="0.068" /><testcase classname="backend.tests.test_iter9_phase_bc.TestSocioFlow" name="test_rollover_points_accumulate_cents" time="1.175" /></testsuite></testsuites>