<?xml version="1.0" encoding="utf-8"?><testsuites name="pytest tests"><testsuite name="pytest" errors="0" failures="0" skipped="0" tests="14" time="5.482" timestamp="2026-05-13T08:30:03.921155+00:00" hostname="agent-env-0098c3d7-4c38-4b24-ab57-1e66412dcc44"><testcase classname="backend.tests.test_iter8_phase_a.TestSaleEdit" name="test_admin_can_edit_items_and_total_updates" time="0.645" /><testcase classname="backend.tests.test_iter8_phase_a.TestSaleEdit" name="test_admin_transfer_sale_to_another_client" time="0.332" /><testcase classname="backend.tests.test_iter8_phase_a.TestSaleEdit" name="test_funcionario_can_edit_fresh_sale" time="0.552" /><testcase classname="backend.tests.test_iter8_phase_a.TestSaleEdit" name="test_funcionario_403_on_old_sale" time="0.266" /><testcase classname="backend.tests.test_iter8_phase_a.TestSaleEdit" name="test_admin_can_delete_old_sale_and_audit_log_written" time="0.195" /><testcase classname="backend.tests.test_iter8_phase_a.TestUsers" name="test_list_users_admin_only" time="0.096" /><testcase classname="backend.tests.test_iter8_phase_a.TestUsers" name="test_rename_funcionario" time="0.145" /><testcase classname="backend.tests.test_iter8_phase_a.TestUsers" name="test_rename_admin_forbidden" time="0.116" /><testcase classname="backend.tests.test_iter8_phase_a.TestUsers" name="test_rename_requires_admin" time="0.092" /><testcase classname="backend.tests.test_iter8_phase_a.TestUsers" name="test_empty_name_400" time="0.094" /><testcase classname="backend.tests.test_iter8_phase_a.TestAutoPin" name="test_create_client_with_member_number_generates_pin" time="0.658" /><testcase classname="backend.tests.test_iter8_phase_a.TestAutoPin" name="test_short_member_number_padded" time="0.632" /><testcase classname="backend.tests.test_iter8_phase_a.TestAutoPin" name="test_put_client_set_member_number_generates_pin" time="0.638" /><testcase classname="backend.tests.test_iter8_phase_a.TestAutoPin" name="test_explicit_pin_not_overwritten_by_auto" time="0.879" /></testsuite></testsuites>