<?xml version="1.0" encoding="utf-8"?><testsuites name="pytest tests"><testsuite name="pytest" errors="0" failures="3" skipped="1" tests="16" time="6.977" timestamp="2026-05-14T14:23:22.584040+00:00" hostname="agent-env-0098c3d7-4c38-4b24-ab57-1e66412dcc44"><testcase classname="backend.tests.test_iter11_phase14.TestPaymentsTipAndSaleIds" name="test_payment_with_tip_and_sale_ids" time="0.959"><failure message="KeyError: 'balance'">backend/tests/test_iter11_phase14.py:118: in test_payment_with_tip_and_sale_ids
    assert abs(c["balance"] - 5.0) &lt; 0.01
               ^^^^^^^^^^^^
E   KeyError: 'balance'</failure></testcase><testcase classname="backend.tests.test_iter11_phase14.TestPaymentsTipAndSaleIds" name="test_payment_tip_validation" time="0.273" /><testcase classname="backend.tests.test_iter11_phase14.TestReversePayment" name="test_admin_can_reverse_any_payment" time="0.634"><failure message="KeyError: 'balance'">backend/tests/test_iter11_phase14.py:153: in test_admin_can_reverse_any_payment
    assert abs(c["balance"]) &lt; 0.01 or c["balance"] &gt;= 0
               ^^^^^^^^^^^^
E   KeyError: 'balance'</failure></testcase><testcase classname="backend.tests.test_iter11_phase14.TestReversePayment" name="test_tesoureiro_can_reverse_any_payment" time="0.618" /><testcase classname="backend.tests.test_iter11_phase14.TestReversePayment" name="test_creator_can_reverse_within_5min" time="0.244" /><testcase classname="backend.tests.test_iter11_phase14.TestReversePayment" name="test_other_non_admin_cannot_reverse" time="0.688" /><testcase classname="backend.tests.test_iter11_phase14.TestReversePayment" name="test_creator_after_5min_forbidden" time="0.000"><skipped type="pytest.skip" message="Sem endpoint admin para forçar created_at antigo; janela 5min coberta no caminho positivo">/app/backend/tests/test_iter11_phase14.py:197: Sem endpoint admin para forçar created_at antigo; janela 5min coberta no caminho positivo</skipped></testcase><testcase classname="backend.tests.test_iter11_phase14.TestFoodHours" name="test_admin_can_sell_food_anytime" time="0.298" /><testcase classname="backend.tests.test_iter11_phase14.TestFoodHours" name="test_funcionario_food_outside_hours_blocked_or_allowed" time="0.301" /><testcase classname="backend.tests.test_iter11_phase14.TestUnavailableProduct" name="test_funcionario_blocked_admin_allowed" time="0.352" /><testcase classname="backend.tests.test_iter11_phase14.TestHouseAccount" name="test_house_sale_creates_expense_and_zero_total" time="0.512" /><testcase classname="backend.tests.test_iter11_phase14.TestSupplierCodes" name="test_new_supplier_gets_F_code" time="0.114" /><testcase classname="backend.tests.test_iter11_phase14.TestSupplierCodes" name="test_backfill_all_existing_have_F_code" time="0.060" /><testcase classname="backend.tests.test_iter11_phase14.TestAdminClientsDirectory" name="test_directory_includes_quota_summary" time="0.084" /><testcase classname="backend.tests.test_iter11_phase14.TestProfileExtra" name="test_admin_can_update_and_clear_photo" time="0.245" /><testcase classname="backend.tests.test_iter11_phase14.TestProfileExtra" name="test_socio_cannot_update_if_already_defined" time="1.484"><failure message="KeyError: 'id'">backend/tests/test_iter11_phase14.py:365: in test_socio_cannot_update_if_already_defined
    admin.put(f"{API}/clients/{me['id']}/profile-extra", json={"birthday": "1985-01-01"})
                               ^^^^^^^^
E   KeyError: 'id'</failure></testcase></testsuite></testsuites>