<?xml version="1.0" encoding="utf-8"?><testsuites name="pytest tests"><testsuite name="pytest" errors="0" failures="0" skipped="0" tests="12" time="5.617" timestamp="2026-05-12T21:30:07.156395+00:00" hostname="agent-env-0098c3d7-4c38-4b24-ab57-1e66412dcc44"><testcase classname="backend.tests.test_iter6_sales_debts_expenses.TestCancelSale" name="test_cancel_sale_restores_stock_balance_points" time="1.464" /><testcase classname="backend.tests.test_iter6_sales_debts_expenses.TestCancelSale" name="test_cancel_sale_funcionario_forbidden" time="0.746" /><testcase classname="backend.tests.test_iter6_sales_debts_expenses.TestCancelSale" name="test_cancel_sale_tesoureiro_allowed" time="0.692" /><testcase classname="backend.tests.test_iter6_sales_debts_expenses.TestCancelSale" name="test_cancel_sale_not_found" time="0.076" /><testcase classname="backend.tests.test_iter6_sales_debts_expenses.TestDashboardKPIs" name="test_dashboard_has_new_fields" time="0.136" /><testcase classname="backend.tests.test_iter6_sales_debts_expenses.TestClientConsumption" name="test_client_detail_has_consumption" time="0.380" /><testcase classname="backend.tests.test_iter6_sales_debts_expenses.TestClientsWithDebt" name="test_returns_only_debtors_sorted_desc" time="0.502" /><testcase classname="backend.tests.test_iter6_sales_debts_expenses.TestSupplierExpenses" name="test_funcionario_cannot_create" time="0.070" /><testcase classname="backend.tests.test_iter6_sales_debts_expenses.TestSupplierExpenses" name="test_admin_creates_and_get_list_sorted" time="0.393" /><testcase classname="backend.tests.test_iter6_sales_debts_expenses.TestSupplierExpenses" name="test_toggle_paid_sets_paid_at" time="0.221" /><testcase classname="backend.tests.test_iter6_sales_debts_expenses.TestSupplierExpenses" name="test_tesoureiro_can_create_and_update_but_not_delete" time="0.439" /><testcase classname="backend.tests.test_iter6_sales_debts_expenses.TestSupplierExpenses" name="test_dashboard_suppliers_debt_aggregates_expenses" time="0.402" /></testsuite></testsuites>