<?xml version="1.0" encoding="utf-8"?><testsuites name="pytest tests"><testsuite name="pytest" errors="0" failures="6" skipped="1" tests="16" time="6.273" timestamp="2026-05-14T14:19:49.908069+00:00" hostname="agent-env-0098c3d7-4c38-4b24-ab57-1e66412dcc44"><testcase classname="backend.tests.test_iter11_phase14.TestPaymentsTipAndSaleIds" name="test_payment_with_tip_and_sale_ids" time="1.031"><failure message="KeyError: 'balance'">backend/tests/test_iter11_phase14.py:118: in test_payment_with_tip_and_sale_ids
    assert abs(c["balance"] - 5.0) &lt; 0.01
               ^^^^^^^^^^^^
E   KeyError: 'balance'</failure></testcase><testcase classname="backend.tests.test_iter11_phase14.TestPaymentsTipAndSaleIds" name="test_payment_tip_validation" time="0.264" /><testcase classname="backend.tests.test_iter11_phase14.TestReversePayment" name="test_admin_can_reverse_any_payment" time="0.722"><failure message="KeyError: 'balance'">backend/tests/test_iter11_phase14.py:153: in test_admin_can_reverse_any_payment
    assert abs(c["balance"]) &lt; 0.01 or c["balance"] &gt;= 0
               ^^^^^^^^^^^^
E   KeyError: 'balance'</failure></testcase><testcase classname="backend.tests.test_iter11_phase14.TestReversePayment" name="test_tesoureiro_can_reverse_any_payment" time="0.722" /><testcase classname="backend.tests.test_iter11_phase14.TestReversePayment" name="test_creator_can_reverse_within_5min" time="0.266" /><testcase classname="backend.tests.test_iter11_phase14.TestReversePayment" name="test_other_non_admin_cannot_reverse" time="0.691" /><testcase classname="backend.tests.test_iter11_phase14.TestReversePayment" name="test_creator_after_5min_forbidden" time="0.000"><skipped type="pytest.skip" message="Sem endpoint admin para forçar created_at antigo; janela 5min coberta no caminho positivo">/app/backend/tests/test_iter11_phase14.py:197: Sem endpoint admin para forçar created_at antigo; janela 5min coberta no caminho positivo</skipped></testcase><testcase classname="backend.tests.test_iter11_phase14.TestFoodHours" name="test_admin_can_sell_food_anytime" time="0.348" /><testcase classname="backend.tests.test_iter11_phase14.TestFoodHours" name="test_funcionario_food_outside_hours_blocked_or_allowed" time="0.354"><failure message="AssertionError: esperava bloqueio fora 16-20h (hora=15), got 200 {&quot;id&quot;:&quot;a9e47da5-c82f-46bc-aa53-d9a21ff51cb4&quot;,&quot;tx_number&quot;:245,&quot;client_id&quot;:&quot;e2625876-bc94-47cf-aa65-58296f5c299a&quot;,&quot;client_name&quot;:&quot;TEST_food_func&quot;,&quot;items&quot;:[{&quot;product_id&quot;:&quot;522a1275-1c8b-4939-bb20-a542229567ae&quot;,&quot;product_name&quot;:&quot;TEST_food_func_prod&quot;,&quot;unit_price&quot;:2.0,&quot;quantity&quot;:1,&quot;subtotal&quot;:2.0,&quot;is_house_account&quot;:false,&quot;house_value&quot;:0.0}],&quot;total&quot;:2.0,&quot;house_total&quot;:0.0,&quot;points_earned&quot;:0,&quot;points_pending_before&quot;:0.0,&quot;points_pending_after&quot;:0.0,&quot;is_member_at_sale&quot;:false,&quot;created_at&quot;:&quot;2026-05-14T14:19:54.231945+00:00&quot;,&quot;user_email&quot;:&quot;func1@ard.pt&quot;}&#10;assert 200 == 400&#10; +  where 200 = &lt;Response [200]&gt;.status_code">backend/tests/test_iter11_phase14.py:228: in test_funcionario_food_outside_hours_blocked_or_allowed
    assert r.status_code == 400, f"esperava bloqueio fora 16-20h (hora={hour}), got {r.status_code} {r.text}"
E   AssertionError: esperava bloqueio fora 16-20h (hora=15), got 200 {"id":"a9e47da5-c82f-46bc-aa53-d9a21ff51cb4","tx_number":245,"client_id":"e2625876-bc94-47cf-aa65-58296f5c299a","client_name":"TEST_food_func","items":[{"product_id":"522a1275-1c8b-4939-bb20-a542229567ae","product_name":"TEST_food_func_prod","unit_price":2.0,"quantity":1,"subtotal":2.0,"is_house_account":false,"house_value":0.0}],"total":2.0,"house_total":0.0,"points_earned":0,"points_pending_before":0.0,"points_pending_after":0.0,"is_member_at_sale":false,"created_at":"2026-05-14T14:19:54.231945+00:00","user_email":"func1@ard.pt"}
E   assert 200 == 400
E    +  where 200 = &lt;Response [200]&gt;.status_code</failure></testcase><testcase classname="backend.tests.test_iter11_phase14.TestUnavailableProduct" name="test_funcionario_blocked_admin_allowed" time="0.351"><failure message="AssertionError: {&quot;id&quot;:&quot;4e5ec281-044c-4225-95fe-807502c2ed45&quot;,&quot;tx_number&quot;:246,&quot;client_id&quot;:&quot;b583ef96-0822-4749-b822-5674c307a3dd&quot;,&quot;client_name&quot;:&quot;TEST_unavail_cli&quot;,&quot;items&quot;:[{&quot;product_id&quot;:&quot;a5689ddc-36e1-4d41-927c-34e49ff8f37e&quot;,&quot;product_name&quot;:&quot;TEST_unavail&quot;,&quot;unit_price&quot;:1.5,&quot;quantity&quot;:1,&quot;subtotal&quot;:1.5,&quot;is_house_account&quot;:false,&quot;house_value&quot;:0.0}],&quot;total&quot;:1.5,&quot;house_total&quot;:0.0,&quot;points_earned&quot;:0,&quot;points_pending_before&quot;:0.0,&quot;points_pending_after&quot;:0.0,&quot;is_member_at_sale&quot;:false,&quot;created_at&quot;:&quot;2026-05-14T14:19:54.601364+00:00&quot;,&quot;user_email&quot;:&quot;func1@ard.pt&quot;}&#10;assert 200 == 400&#10; +  where 200 = &lt;Response [200]&gt;.status_code">backend/tests/test_iter11_phase14.py:245: in test_funcionario_blocked_admin_allowed
    assert r1.status_code == 400, r1.text
E   AssertionError: {"id":"4e5ec281-044c-4225-95fe-807502c2ed45","tx_number":246,"client_id":"b583ef96-0822-4749-b822-5674c307a3dd","client_name":"TEST_unavail_cli","items":[{"product_id":"a5689ddc-36e1-4d41-927c-34e49ff8f37e","product_name":"TEST_unavail","unit_price":1.5,"quantity":1,"subtotal":1.5,"is_house_account":false,"house_value":0.0}],"total":1.5,"house_total":0.0,"points_earned":0,"points_pending_before":0.0,"points_pending_after":0.0,"is_member_at_sale":false,"created_at":"2026-05-14T14:19:54.601364+00:00","user_email":"func1@ard.pt"}
E   assert 200 == 400
E    +  where 200 = &lt;Response [200]&gt;.status_code</failure></testcase><testcase classname="backend.tests.test_iter11_phase14.TestHouseAccount" name="test_house_sale_creates_expense_and_zero_total" time="0.345"><failure message="assert 6.0 == 0.0">backend/tests/test_iter11_phase14.py:266: in test_house_sale_creates_expense_and_zero_total
    assert sale["total"] == 0.0
E   assert 6.0 == 0.0</failure></testcase><testcase classname="backend.tests.test_iter11_phase14.TestSupplierCodes" name="test_new_supplier_gets_F_code" time="0.131" /><testcase classname="backend.tests.test_iter11_phase14.TestSupplierCodes" name="test_backfill_all_existing_have_F_code" time="0.067" /><testcase classname="backend.tests.test_iter11_phase14.TestAdminClientsDirectory" name="test_directory_includes_quota_summary" time="0.107" /><testcase classname="backend.tests.test_iter11_phase14.TestProfileExtra" name="test_admin_can_update_and_clear_photo" time="0.274" /><testcase classname="backend.tests.test_iter11_phase14.TestProfileExtra" name="test_socio_cannot_update_if_already_defined" time="0.475"><failure message="KeyError: 'id'">backend/tests/test_iter11_phase14.py:365: in test_socio_cannot_update_if_already_defined
    admin.put(f"{API}/clients/{me['id']}/profile-extra", json={"birthday": "1985-01-01"})
                               ^^^^^^^^
E   KeyError: 'id'</failure></testcase></testsuite></testsuites>