<?xml version="1.0" encoding="utf-8"?><testsuites name="pytest tests"><testsuite name="pytest" errors="0" failures="0" skipped="0" tests="9" time="11.217" timestamp="2026-05-14T10:10:24.694057+00:00" hostname="agent-env-0098c3d7-4c38-4b24-ab57-1e66412dcc44"><testcase classname="backend.tests.test_iter10_backfill_socio.TestBackfillTxNumber" name="test_early_backfilled_tx_resolves" time="0.465" /><testcase classname="backend.tests.test_iter10_backfill_socio.TestBackfillTxNumber" name="test_last_backfilled_tx_resolves" time="0.047" /><testcase classname="backend.tests.test_iter10_backfill_socio.TestBackfillTxNumber" name="test_no_transaction_without_tx_number_in_db" time="9.571" /><testcase classname="backend.tests.test_iter10_backfill_socio.TestBackfillTxNumber" name="test_unknown_tx_number_returns_404" time="0.081" /><testcase classname="backend.tests.test_iter10_backfill_socio.TestNewSaleTxNumber" name="test_new_sale_gets_tx_above_max" time="0.231" /><testcase classname="backend.tests.test_iter10_backfill_socio.TestSocioProducts" name="test_socio_products_requires_auth" time="0.171" /><testcase classname="backend.tests.test_iter10_backfill_socio.TestSocioProducts" name="test_socio_products_returns_list" time="0.417" /><testcase classname="backend.tests.test_iter10_backfill_socio.TestSocioConsumptionRequest" name="test_consumption_request_create" time="0.108" /><testcase classname="backend.tests.test_iter10_backfill_socio.TestSocioConsumptionRequest" name="test_consumption_request_rejects_empty" time="0.045" /></testsuite></testsuites>