<?xml version="1.0" encoding="utf-8"?><testsuites name="pytest tests"><testsuite name="pytest" errors="0" failures="0" skipped="0" tests="18" time="7.444" timestamp="2026-05-12T13:09:54.333866+00:00" hostname="agent-env-0098c3d7-4c38-4b24-ab57-1e66412dcc44"><testcase classname="backend.tests.test_iter2_roles_points_notify" name="test_seeded_user_login_and_role[admin-admin]" time="0.564" /><testcase classname="backend.tests.test_iter2_roles_points_notify" name="test_seeded_user_login_and_role[tesoureiro-tesoureiro]" time="0.418" /><testcase classname="backend.tests.test_iter2_roles_points_notify" name="test_seeded_user_login_and_role[func1-funcionario]" time="0.492" /><testcase classname="backend.tests.test_iter2_roles_points_notify" name="test_seeded_user_login_and_role[func2-funcionario]" time="0.421" /><testcase classname="backend.tests.test_iter2_roles_points_notify" name="test_seeded_user_login_and_role[func3-funcionario]" time="0.437" /><testcase classname="backend.tests.test_iter2_roles_points_notify" name="test_admin_can_crud_products_and_clients" time="0.612" /><testcase classname="backend.tests.test_iter2_roles_points_notify" name="test_admin_can_access_admin_clients" time="0.069" /><testcase classname="backend.tests.test_iter2_roles_points_notify" name="test_tesoureiro_can_create_update_replenish_but_not_delete" time="0.661" /><testcase classname="backend.tests.test_iter2_roles_points_notify" name="test_tesoureiro_cannot_delete_client_or_access_admin" time="0.267" /><testcase classname="backend.tests.test_iter2_roles_points_notify" name="test_funcionario_blocked_from_product_mutations_and_admin" time="0.944" /><testcase classname="backend.tests.test_iter2_roles_points_notify" name="test_funcionario_can_create_client_sale_payment_and_limited_edit" time="0.670" /><testcase classname="backend.tests.test_iter2_roles_points_notify" name="test_client_member_fields_and_listing" time="0.193" /><testcase classname="backend.tests.test_iter2_roles_points_notify" name="test_points_member_rule_5eur" time="0.400" /><testcase classname="backend.tests.test_iter2_roles_points_notify" name="test_points_nonmember_rule_10eur" time="0.389" /><testcase classname="backend.tests.test_iter2_roles_points_notify" name="test_notify_email_no_resend" time="0.201" /><testcase classname="backend.tests.test_iter2_roles_points_notify" name="test_notify_whatsapp" time="0.087" /><testcase classname="backend.tests.test_iter2_roles_points_notify" name="test_notify_sms" time="0.065" /><testcase classname="backend.tests.test_iter2_roles_points_notify" name="test_notify_validation_missing_fields" time="0.486" /></testsuite></testsuites>