<?xml version="1.0" encoding="utf-8"?><testsuites name="pytest tests"><testsuite name="pytest" errors="0" failures="0" skipped="0" tests="18" time="7.640" timestamp="2026-05-12T13:40:25.995698+00:00" hostname="agent-env-0098c3d7-4c38-4b24-ab57-1e66412dcc44"><testcase classname="backend.tests.test_iter3_socio_mbway.TestClubInfo" name="test_club_info_no_auth" time="0.290" /><testcase classname="backend.tests.test_iter3_socio_mbway.TestSocioLogin" name="test_login_success" time="1.093" /><testcase classname="backend.tests.test_iter3_socio_mbway.TestSocioLogin" name="test_login_wrong_pin" time="0.367" /><testcase classname="backend.tests.test_iter3_socio_mbway.TestSocioLogin" name="test_login_no_pin_member" time="0.291" /><testcase classname="backend.tests.test_iter3_socio_mbway.TestSocioLogin" name="test_login_known_ana_ferreira" time="0.354" /><testcase classname="backend.tests.test_iter3_socio_mbway.TestSocioMe" name="test_me_returns_history" time="0.577" /><testcase classname="backend.tests.test_iter3_socio_mbway.TestSocioMe" name="test_me_requires_socio_token" time="0.285" /><testcase classname="backend.tests.test_iter3_socio_mbway.TestSocioMe" name="test_staff_access_token_does_not_work_on_socio_me" time="0.071" /><testcase classname="backend.tests.test_iter3_socio_mbway.TestSocioMe" name="test_update_me_only_allowed_fields" time="0.473" /><testcase classname="backend.tests.test_iter3_socio_mbway.TestMBWayFlow" name="test_full_flow_request_confirm" time="0.921" /><testcase classname="backend.tests.test_iter3_socio_mbway.TestMBWayFlow" name="test_reject_flow_and_funcionario_can_confirm" time="1.018" /><testcase classname="backend.tests.test_iter3_socio_mbway.TestMBWayFlow" name="test_mbway_list_requires_auth" time="0.115" /><testcase classname="backend.tests.test_iter3_socio_mbway.TestClientPin" name="test_admin_sets_pin_and_pin_hash_not_returned" time="0.733" /><testcase classname="backend.tests.test_iter3_socio_mbway.TestClientPin" name="test_tesoureiro_can_set_pin" time="0.623" /><testcase classname="backend.tests.test_iter3_socio_mbway.TestClientPin" name="test_funcionario_cannot_set_pin" time="0.062" /><testcase classname="backend.tests.test_iter3_socio_mbway.TestClientPin" name="test_funcionario_can_edit_morada" time="0.133" /><testcase classname="backend.tests.test_iter3_socio_mbway.TestClientPin" name="test_funcionario_cannot_edit_name" time="0.071" /><testcase classname="backend.tests.test_iter3_socio_mbway.TestCreateClientMorada" name="test_create_with_morada" time="0.072" /></testsuite></testsuites>