<?xml version="1.0" encoding="utf-8"?><testsuites name="pytest tests"><testsuite name="pytest" errors="0" failures="0" skipped="0" tests="8" time="3.139" timestamp="2026-05-12T12:41:10.986850+00:00" hostname="agent-env-0098c3d7-4c38-4b24-ab57-1e66412dcc44"><testcase classname="backend.tests.test_bar_api" name="test_login_and_me" time="0.573" /><testcase classname="backend.tests.test_bar_api" name="test_unauthorized" time="0.125" /><testcase classname="backend.tests.test_bar_api" name="test_bad_login" time="0.343" /><testcase classname="backend.tests.test_bar_api" name="test_products_crud_and_replenish" time="0.460" /><testcase classname="backend.tests.test_bar_api" name="test_clients_crud" time="0.223" /><testcase classname="backend.tests.test_bar_api" name="test_sale_flow_and_payment" time="0.584" /><testcase classname="backend.tests.test_bar_api" name="test_dashboard" time="0.122" /><testcase classname="backend.tests.test_bar_api" name="test_logout" time="0.577" /></testsuite></testsuites>